### ISSUE TITLE
MagickCore/cache.c goes to long loop and disk bloat.

### ISSUE THREAD

**Issue by ssgskid** [ImageMagick/ImageMagick#972]
## Prerequisites

- [x] I have written a descriptive issue title
- [x] I have verified that I am using the latest version of ImageMagick
- [x] I have searched open and closed issues to ensure it has not already been reported

## Description

When we set large number to 11~12th byte offset(image limits in pixel) of PCX files, the following `for` loop iterates many time.
https://github.com/ImageMagick/ImageMagick/blob/391d3afd588b94f9ee2c5e4a70f5e9197e5afb21/MagickCore/cache.c#L616-L692

In the loop, magick writes temporary files for DiskCache in WritePixelCachePixels, which leads to disk space bloat. For example, attached file creates temporary files whose file size are about 6GB, and this iterates 1024 times, thus, as a result, it uses 6TB (6*1024GB) per one execution.  
https://github.com/ImageMagick/ImageMagick/blob/391d3afd588b94f9ee2c5e4a70f5e9197e5afb21/MagickCore/cache.c#L692

https://github.com/ImageMagick/ImageMagick/blob/391d3afd588b94f9ee2c5e4a70f5e9197e5afb21/coders/pcx.c#L316

I'm not sure if it's intended design, but, in my opinion, we should prevent to mess up system by limiting disk cache.

## Steps to Reproduce

    gdb-peda$ r convert ./a.png ./a.out
    Starting program: /imagemagick.latest/utilities/magick convert ./a.png ./a.out
    [Thread debugging using libthread_db enabled]
    Using host libthread_db library "/lib/x86_64-linux-gnu/libthread_db.so.1".
    ^C
    Program received signal SIGINT, Interrupt.
    
    [----------------------------------registers-----------------------------------]
    RAX: 0x0 
    RBX: 0x7ffffffcb360 --> 0x1000 
    RCX: 0x0 
    RDX: 0xc4a00000a26 --> 0x0 
    RSI: 0x4 
    RDI: 0xfffffff976e --> 0x0 
    RBP: 0x7ffffffcbb10 --> 0x7ffffffd0bb0 --> 0x7ffffffd4420 --> 0x7ffffffd4460 --> 0x7ffffffd44f0 --> 0x7ffffffd46d0 (--> ...)
    RSP: 0x7ffffffca240 --> 0x41b58ab3 
    RIP: 0xaec724 (<ClonePixelCacheRepository+8932>:	mov    edx,0x18b9230)
    R8 : 0xe80 
    R9 : 0x7400 ('')
    R10: 0x10007e3e3a00 --> 0xfafafafafafafafa 
    R11: 0xe80 
    R12: 0x7ffffffd8fd0 --> 0x0 
    R13: 0x7ffffffda050 --> 0x0 
    R14: 0x7ffffffca2e0 --> 0x0 
    R15: 0x7ffffffd8fb0 --> 0x0
    EFLAGS: 0x212 (carry parity ADJUST zero sign trap INTERRUPT direction overflow)
    [-------------------------------------code-------------------------------------]
       0xaec71a <ClonePixelCacheRepository+8922>:	mov    eax,DWORD PTR [rbx+0x754]
       0xaec720 <ClonePixelCacheRepository+8928>:	mov    ecx,eax
       0xaec722 <ClonePixelCacheRepository+8930>:	mov    eax,ecx
    => 0xaec724 <ClonePixelCacheRepository+8932>:	mov    edx,0x18b9230
       0xaec729 <ClonePixelCacheRepository+8937>:	mov    esi,edx
       0xaec72b <ClonePixelCacheRepository+8939>:	mov    rdi,rcx
       0xaec72e <ClonePixelCacheRepository+8942>:	mov    QWORD PTR [rbx+0x210],rcx
       0xaec735 <ClonePixelCacheRepository+8949>:	mov    DWORD PTR [rbx+0x20c],eax
    [------------------------------------stack-------------------------------------]
    0000| 0x7ffffffca240 --> 0x41b58ab3 
    0008| 0x7ffffffca248 --> 0x14c42e0 ("3 32 32 6 region 96 32 9 region167 160 4096 7 message")
    0016| 0x7ffffffca250 --> 0xaea440 (<ClonePixelCacheRepository>:	push   rbp)
    0024| 0x7ffffffca258 --> 0x7ffff671e712 (<__GI___printf_fp_l+578>:	mov    r14d,eax)
    0032| 0x7ffffffca260 --> 0x3a00 ('')
    0040| 0x7ffffffca268 --> 0x1 
    0048| 0x7ffffffca270 --> 0x0 
    0056| 0x7ffffffca278 --> 0x413 
    [------------------------------------------------------------------------------]
    Legend: code, data, rodata, value
    Stopped reason: SIGINT
    0x0000000000aec724 in ClonePixelCacheRepository ()

## System Configuration

- ImageMagick version: tested in master branch.
- Environment (Operating system, version and so on): Ubuntu 16.04
- Additional information:
[a.zip](https://github.com/ImageMagick/ImageMagick/files/1702056/a.zip)

Found by Choongwoo Han and Kyeongseok Yang, Naver Security Team

**Comment by urban-warrior** [comment]
Add
```
  <policy domain="resource" name="width" value="4KP"/>
  <policy domain="resource" name="height" value="4KP"/>
```
to your **policy.xml** security policy.  With these polices we get:
```
-> convert a.png x:
convert: width or height exceeds limit `a.png' @ error/cache.c/OpenPixelCache/3501.
convert: width or height exceeds limit `a.png' @ error/cache.c/OpenPixelCache/3501 `a.png' @ error/pcx.c/ReadPCXImage/359.
```
and ImageMagick exits without consuming huge amounts of system memory.
